================================================================
======== txAdmin v8.0.1 atop fxserver 15015 Starting - 20/05/2025, 00:13:37
================================================================
[00:13:56][ImCxrey] created admins file
[00:14:30][ImCxrey] Config changes: general.serverName
[00:14:30][ImCxrey] Changing global settings via setup stepper and started Deployer.
[00:14:32][ImCxrey] Setting recipe.
[00:15:05][ImCxrey] Running recipe.
[00:15:55][ImCxrey] Config changes: server.dataPath
[00:15:55][ImCxrey] Completed and committed server deploy.
[00:16:01][ImCxrey] [ImCxrey] executed "STOP SERVER"
[00:20:28][ImCxrey] [ImCxrey] executed "START SERVER"
[00:25:00][ImCxrey] Ensured resource "playernames"
[00:25:06][ImCxrey] Ensured resource "example-loadscreen"
[00:25:11][ImCxrey] Ensured resource "fivem"
[00:25:14][ImCxrey] Ensured resource "money"
[00:25:19][ImCxrey] Ensured resource "money-fountain"
[00:25:21][ImCxrey] Ensured resource "money-fountain-example-map"
[00:25:23][ImCxrey] Ensured resource "ped-money-drops"
[00:27:37][ImCxrey] Ensured resource "baseevents"
[00:27:55][ImCxrey] Ensured resource "rconlog"
[00:29:37][ImCxrey] [ImCxrey] executed "RESTART SERVER"
[00:34:36][ImCxrey] Refreshed resources
[00:34:45][ImCxrey] [ImCxrey] executed "RESTART SERVER"
[00:35:46][ImCxrey] Refreshed resources
[00:35:55][ImCxrey] Refreshed resources
[00:36:19][ImCxrey] Ensured resource "example-loadscreen"
[00:42:04][ImCxrey] [ImCxrey] executed "STOP SERVER"
================================================================
======== txAdmin v8.0.1 atop fxserver 15015 Starting - 20/05/2025, 00:48:01
================================================================
