================================================================
======== txAdmin v8.0.1 atop fxserver 15015 Starting - 20/05/2025, 00:13:37
================================================================
[00:15:57] txAdmin: Logger started
[00:20:39] txAdmin: Logger started
[00:21:22] [V9Lpj#1] ImCxrey: joined with identifiers [license:194c…47b4, xbl:2535…9288, live:9148…0625, discord:1809…3297, fivem:1865028, license2:dcc1…72ed]
[00:26:07] [V9Lpj#1] ImCxrey: enabled noclip
[00:26:30] [V9Lpj#1] ImCxrey: became mortal (standard mode)
[00:28:04] [V9Lpj#1] ImCxrey: said "/skin"
[00:29:31] [V9Lpj#1] ImCxrey: disconnected (Exiting)
[00:29:44] txAdmin: Logger started
[00:30:36] [FBH8w#1] ImCxrey: joined with identifiers [license:194c…47b4, xbl:2535…9288, live:9148…0625, discord:1809…3297, fivem:1865028, license2:dcc1…72ed]
[00:34:53] txAdmin: Logger started
[00:36:34] [8FdJx#1] ImCxrey: joined with identifiers [license:194c…47b4, xbl:2535…9288, live:9148…0625, discord:1809…3297, fivem:1865028, license2:dcc1…72ed]
[00:37:06] [8FdJx#1] ImCxrey: said "/map"
[00:41:45] [8FdJx#1] ImCxrey: disconnected (Exiting)
================================================================
======== txAdmin v8.0.1 atop fxserver 15015 Starting - 20/05/2025, 00:48:01
================================================================
[00:48:03] txAdmin: Logger started
[00:51:39] txAdmin: Logger started
